Arguments: 
  /usr/bin/nodejs /usr/share/yarn/bin/yarn.js add handlebars

PATH: 
  /usr/local/sbin:/usr/local/bin:/usr/sbin:/usr/bin:/sbin:/bin:/snap/bin

Yarn version: 
  0.27.5

Node version: 
  6.11.2

Platform: 
  linux x64

npm manifest: 
  {
    "name": "ticket-for-wx",
    "version": "1.0.0",
    "description": "yarnConfig",
    "main": "index.js",
    "repository": "git@github.com:caodooGMT/ticket-for-wx.git",
    "author": "silencegmt <496555782@qq.com>",
    "license": "MIT",
    "dependencies": {
      "bootstrap": "^3.3.7",
      "jquery": "^3.2.1"
    }
  }

yarn manifest: 
  No manifest

Lockfile: 
  # THIS IS AN AUTOGENERATED FILE. DO NOT EDIT THIS FILE DIRECTLY.
  # yarn lockfile v1
  
  
  bootstrap@^3.3.7:
    version "3.3.7"
    resolved "https://registry.yarnpkg.com/bootstrap/-/bootstrap-3.3.7.tgz#5a389394549f23330875a3b150656574f8a9eb71"
  
  jquery@^3.2.1:
    version "3.2.1"
    resolved "https://registry.yarnpkg.com/jquery/-/jquery-3.2.1.tgz#5c4d9de652af6cd0a770154a631bba12b015c787"

Trace: 
  Error: https://registry.yarnpkg.com/optimist: ETIMEDOUT
      at Timeout._onTimeout (/usr/share/yarn/lib/yarn-cli.js:114906:19)
      at ontimeout (timers.js:386:14)
      at tryOnTimeout (timers.js:250:5)
      at Timer.listOnTimeout (timers.js:214:5)
